
158. Printing statistics.

=== CorePipelinedWithoutMemory ===

   Number of wires:               9551
   Number of wire bits:           9740
   Number of public wires:        1643
   Number of public wire bits:    1832
   Number of memories:               0
   Number of memory bits:            0
   Number of processes:              0
   Number of cells:               9674
     sky130_fd_sc_hd__a2111o_2       1
     sky130_fd_sc_hd__a2111oi_2      2
     sky130_fd_sc_hd__a211o_2       55
     sky130_fd_sc_hd__a211oi_2       2
     sky130_fd_sc_hd__a21bo_2        6
     sky130_fd_sc_hd__a21boi_2       2
     sky130_fd_sc_hd__a21o_2      1125
     sky130_fd_sc_hd__a21oi_2       88
     sky130_fd_sc_hd__a21oi_4        1
     sky130_fd_sc_hd__a221o_2      132
     sky130_fd_sc_hd__a221oi_2       5
     sky130_fd_sc_hd__a22o_2        52
     sky130_fd_sc_hd__a2bb2oi_2      2
     sky130_fd_sc_hd__a311o_2       13
     sky130_fd_sc_hd__a31o_2       294
     sky130_fd_sc_hd__a31oi_2        3
     sky130_fd_sc_hd__a32o_2        71
     sky130_fd_sc_hd__a41o_2         4
     sky130_fd_sc_hd__and2_2        61
     sky130_fd_sc_hd__and2_4         7
     sky130_fd_sc_hd__and2b_2        2
     sky130_fd_sc_hd__and2b_4        1
     sky130_fd_sc_hd__and3_2        21
     sky130_fd_sc_hd__and3_4         1
     sky130_fd_sc_hd__and3b_2        3
     sky130_fd_sc_hd__and4_2        11
     sky130_fd_sc_hd__and4b_2        3
     sky130_fd_sc_hd__buf_1       1709
     sky130_fd_sc_hd__buf_12         3
     sky130_fd_sc_hd__buf_2        154
     sky130_fd_sc_hd__buf_4         15
     sky130_fd_sc_hd__buf_6         24
     sky130_fd_sc_hd__buf_8          6
     sky130_fd_sc_hd__dfrtp_2      487
     sky130_fd_sc_hd__dfxtp_2     1024
     sky130_fd_sc_hd__dlxtn_1        3
     sky130_fd_sc_hd__inv_12         1
     sky130_fd_sc_hd__inv_2        340
     sky130_fd_sc_hd__inv_4          4
     sky130_fd_sc_hd__inv_6          1
     sky130_fd_sc_hd__mux2_1        11
     sky130_fd_sc_hd__mux2_2      1860
     sky130_fd_sc_hd__mux2_4         1
     sky130_fd_sc_hd__nand2_2      906
     sky130_fd_sc_hd__nand2_4       17
     sky130_fd_sc_hd__nand2_8        1
     sky130_fd_sc_hd__nand2b_2       2
     sky130_fd_sc_hd__nand3_2      251
     sky130_fd_sc_hd__nand3_4       30
     sky130_fd_sc_hd__nand3b_2       6
     sky130_fd_sc_hd__nor2_2       201
     sky130_fd_sc_hd__nor2_4         1
     sky130_fd_sc_hd__nor2b_2        1
     sky130_fd_sc_hd__nor3_2         4
     sky130_fd_sc_hd__o2111a_2       1
     sky130_fd_sc_hd__o2111ai_2      8
     sky130_fd_sc_hd__o211a_2       30
     sky130_fd_sc_hd__o211ai_2      18
     sky130_fd_sc_hd__o21a_2        45
     sky130_fd_sc_hd__o21ai_2      159
     sky130_fd_sc_hd__o21ai_4        6
     sky130_fd_sc_hd__o21ba_2        1
     sky130_fd_sc_hd__o21bai_2       2
     sky130_fd_sc_hd__o221a_2       33
     sky130_fd_sc_hd__o221ai_2       6
     sky130_fd_sc_hd__o22a_2         4
     sky130_fd_sc_hd__o22ai_2        1
     sky130_fd_sc_hd__o2bb2a_2      11
     sky130_fd_sc_hd__o311a_2        9
     sky130_fd_sc_hd__o311ai_2       1
     sky130_fd_sc_hd__o31a_2         1
     sky130_fd_sc_hd__o31ai_2        3
     sky130_fd_sc_hd__o41a_2         1
     sky130_fd_sc_hd__or2_2        200
     sky130_fd_sc_hd__or2_4         24
     sky130_fd_sc_hd__or2b_2         6
     sky130_fd_sc_hd__or3_2         24
     sky130_fd_sc_hd__or3b_2         6
     sky130_fd_sc_hd__or4_2          3
     sky130_fd_sc_hd__or4_4          1
     sky130_fd_sc_hd__xnor2_2       12
     sky130_fd_sc_hd__xor2_2        26
     sky130_fd_sc_hd__xor2_4         1

   Chip area for module '\CorePipelinedWithoutMemory': 98837.292800

