
88. Printing statistics.

=== CorePipelinedWithoutMemory ===

   Number of wires:               8197
   Number of wire bits:           8386
   Number of public wires:        1643
   Number of public wire bits:    1832
   Number of memories:               0
   Number of memory bits:            0
   Number of processes:              0
   Number of cells:               8320
     sky130_fd_sc_hd__a2111o_2      15
     sky130_fd_sc_hd__a2111oi_2      3
     sky130_fd_sc_hd__a211o_2       92
     sky130_fd_sc_hd__a211oi_2      18
     sky130_fd_sc_hd__a21bo_2       12
     sky130_fd_sc_hd__a21boi_2      15
     sky130_fd_sc_hd__a21o_2       185
     sky130_fd_sc_hd__a21oi_2      155
     sky130_fd_sc_hd__a221o_2      426
     sky130_fd_sc_hd__a221oi_2      16
     sky130_fd_sc_hd__a22o_2       226
     sky130_fd_sc_hd__a22oi_2       18
     sky130_fd_sc_hd__a2bb2o_2      25
     sky130_fd_sc_hd__a2bb2oi_2      2
     sky130_fd_sc_hd__a311o_2       54
     sky130_fd_sc_hd__a311oi_2      16
     sky130_fd_sc_hd__a31o_2       305
     sky130_fd_sc_hd__a31oi_2       19
     sky130_fd_sc_hd__a32o_2       118
     sky130_fd_sc_hd__a32oi_2        4
     sky130_fd_sc_hd__a41o_2        39
     sky130_fd_sc_hd__a41oi_2        1
     sky130_fd_sc_hd__and2_2        56
     sky130_fd_sc_hd__and2b_2        2
     sky130_fd_sc_hd__and3_2       148
     sky130_fd_sc_hd__and3b_2       11
     sky130_fd_sc_hd__and4_2        25
     sky130_fd_sc_hd__and4b_2       20
     sky130_fd_sc_hd__and4bb_2      14
     sky130_fd_sc_hd__buf_1       1973
     sky130_fd_sc_hd__buf_2         33
     sky130_fd_sc_hd__dfrtp_2      487
     sky130_fd_sc_hd__dfxtp_2     1024
     sky130_fd_sc_hd__dlxtn_1        3
     sky130_fd_sc_hd__inv_2         85
     sky130_fd_sc_hd__mux2_2      1158
     sky130_fd_sc_hd__mux4_2       222
     sky130_fd_sc_hd__nand2_2      191
     sky130_fd_sc_hd__nand2b_2       3
     sky130_fd_sc_hd__nand3_2       65
     sky130_fd_sc_hd__nand3b_2      28
     sky130_fd_sc_hd__nand4_2       37
     sky130_fd_sc_hd__nand4b_2       1
     sky130_fd_sc_hd__nor2_2        71
     sky130_fd_sc_hd__nor3_2         5
     sky130_fd_sc_hd__nor3b_2        2
     sky130_fd_sc_hd__nor4_2         3
     sky130_fd_sc_hd__nor4b_2        2
     sky130_fd_sc_hd__o2111a_2       8
     sky130_fd_sc_hd__o2111ai_2     28
     sky130_fd_sc_hd__o211a_2      106
     sky130_fd_sc_hd__o211ai_2      63
     sky130_fd_sc_hd__o21a_2        63
     sky130_fd_sc_hd__o21ai_2      114
     sky130_fd_sc_hd__o21ba_2       11
     sky130_fd_sc_hd__o21bai_2      34
     sky130_fd_sc_hd__o221a_2       59
     sky130_fd_sc_hd__o221ai_2       6
     sky130_fd_sc_hd__o22a_2        74
     sky130_fd_sc_hd__o22ai_2       14
     sky130_fd_sc_hd__o2bb2a_2      13
     sky130_fd_sc_hd__o2bb2ai_2      6
     sky130_fd_sc_hd__o311a_2       36
     sky130_fd_sc_hd__o311ai_2       3
     sky130_fd_sc_hd__o31a_2        53
     sky130_fd_sc_hd__o31ai_2        9
     sky130_fd_sc_hd__o32a_2        39
     sky130_fd_sc_hd__o32ai_2        2
     sky130_fd_sc_hd__o41a_2         1
     sky130_fd_sc_hd__or2_2         29
     sky130_fd_sc_hd__or2b_2         3
     sky130_fd_sc_hd__or3_2         41
     sky130_fd_sc_hd__or3b_2         8
     sky130_fd_sc_hd__or4_2         15
     sky130_fd_sc_hd__or4b_2         8
     sky130_fd_sc_hd__or4bb_2        2
     sky130_fd_sc_hd__xnor2_2        9
     sky130_fd_sc_hd__xor2_2        30

   Chip area for module '\CorePipelinedWithoutMemory': 93559.731200

