
128. Printing statistics.

=== CorePipelinedWithoutMemory ===

   Number of wires:               7724
   Number of wire bits:           7913
   Number of public wires:        1643
   Number of public wire bits:    1832
   Number of memories:               0
   Number of memory bits:            0
   Number of processes:              0
   Number of cells:               7847
     sky130_fd_sc_hd__a2111o_2       3
     sky130_fd_sc_hd__a211o_2       76
     sky130_fd_sc_hd__a211oi_2       3
     sky130_fd_sc_hd__a21bo_2        7
     sky130_fd_sc_hd__a21boi_2       3
     sky130_fd_sc_hd__a21o_2       156
     sky130_fd_sc_hd__a21oi_2       72
     sky130_fd_sc_hd__a221o_2      458
     sky130_fd_sc_hd__a22o_2       123
     sky130_fd_sc_hd__a22oi_2        1
     sky130_fd_sc_hd__a2bb2o_2       6
     sky130_fd_sc_hd__a2bb2oi_2      1
     sky130_fd_sc_hd__a311o_2       33
     sky130_fd_sc_hd__a311oi_2       1
     sky130_fd_sc_hd__a31o_2       159
     sky130_fd_sc_hd__a31oi_2        4
     sky130_fd_sc_hd__a32o_2        40
     sky130_fd_sc_hd__a41o_2         3
     sky130_fd_sc_hd__and2_2        92
     sky130_fd_sc_hd__and2b_2       20
     sky130_fd_sc_hd__and3_2        98
     sky130_fd_sc_hd__and3b_2       13
     sky130_fd_sc_hd__and4_2        11
     sky130_fd_sc_hd__and4b_2        3
     sky130_fd_sc_hd__and4bb_2       1
     sky130_fd_sc_hd__buf_1       1824
     sky130_fd_sc_hd__buf_2         56
     sky130_fd_sc_hd__buf_4          2
     sky130_fd_sc_hd__dfrtp_2      487
     sky130_fd_sc_hd__dfxtp_2     1024
     sky130_fd_sc_hd__dlxtn_1        3
     sky130_fd_sc_hd__inv_2         58
     sky130_fd_sc_hd__mux2_2      1611
     sky130_fd_sc_hd__mux4_2       198
     sky130_fd_sc_hd__nand2_2      100
     sky130_fd_sc_hd__nand3_2        3
     sky130_fd_sc_hd__nand3b_2       1
     sky130_fd_sc_hd__nand4_2        1
     sky130_fd_sc_hd__nor2_2       126
     sky130_fd_sc_hd__nor2b_2        4
     sky130_fd_sc_hd__nor3_2         2
     sky130_fd_sc_hd__nor3b_2        2
     sky130_fd_sc_hd__nor4_2         1
     sky130_fd_sc_hd__o2111a_2       3
     sky130_fd_sc_hd__o211a_2      235
     sky130_fd_sc_hd__o211ai_2       1
     sky130_fd_sc_hd__o21a_2        99
     sky130_fd_sc_hd__o21ai_2       36
     sky130_fd_sc_hd__o21ba_2        6
     sky130_fd_sc_hd__o21bai_2       1
     sky130_fd_sc_hd__o221a_2       37
     sky130_fd_sc_hd__o22a_2        90
     sky130_fd_sc_hd__o2bb2a_2       7
     sky130_fd_sc_hd__o311a_2        2
     sky130_fd_sc_hd__o31a_2        17
     sky130_fd_sc_hd__o31ai_2        1
     sky130_fd_sc_hd__o32a_2        22
     sky130_fd_sc_hd__or2_2        209
     sky130_fd_sc_hd__or2b_2         9
     sky130_fd_sc_hd__or3_2         35
     sky130_fd_sc_hd__or3_4          1
     sky130_fd_sc_hd__or3b_2        12
     sky130_fd_sc_hd__or4_2          4
     sky130_fd_sc_hd__or4_4          1
     sky130_fd_sc_hd__or4b_2         2
     sky130_fd_sc_hd__or4b_4         3
     sky130_fd_sc_hd__or4bb_2        1
     sky130_fd_sc_hd__xnor2_2       80
     sky130_fd_sc_hd__xor2_2        43

   Chip area for module '\CorePipelinedWithoutMemory': 89155.507200

