
148. Printing statistics.

=== CorePipelinedWithoutMemory ===

   Number of wires:               8014
   Number of wire bits:           8203
   Number of public wires:        1643
   Number of public wire bits:    1832
   Number of memories:               0
   Number of memory bits:            0
   Number of processes:              0
   Number of cells:               8137
     sky130_fd_sc_hd__a2111o_2       4
     sky130_fd_sc_hd__a211o_2       84
     sky130_fd_sc_hd__a211oi_2       4
     sky130_fd_sc_hd__a21bo_2        8
     sky130_fd_sc_hd__a21boi_2       7
     sky130_fd_sc_hd__a21o_2       290
     sky130_fd_sc_hd__a21oi_2      140
     sky130_fd_sc_hd__a221o_2      409
     sky130_fd_sc_hd__a22o_2       103
     sky130_fd_sc_hd__a22oi_2        3
     sky130_fd_sc_hd__a2bb2o_2      16
     sky130_fd_sc_hd__a311o_2       32
     sky130_fd_sc_hd__a31o_2       126
     sky130_fd_sc_hd__a31oi_2        2
     sky130_fd_sc_hd__a32o_2        32
     sky130_fd_sc_hd__a41o_2         2
     sky130_fd_sc_hd__and2_2        84
     sky130_fd_sc_hd__and2b_2        7
     sky130_fd_sc_hd__and3_2        63
     sky130_fd_sc_hd__and3b_2        7
     sky130_fd_sc_hd__and4_2        13
     sky130_fd_sc_hd__and4b_2        9
     sky130_fd_sc_hd__and4bb_2       2
     sky130_fd_sc_hd__buf_1       1858
     sky130_fd_sc_hd__buf_2         39
     sky130_fd_sc_hd__buf_4          1
     sky130_fd_sc_hd__dfrtp_2      487
     sky130_fd_sc_hd__dfxtp_2     1024
     sky130_fd_sc_hd__dlxtn_1        3
     sky130_fd_sc_hd__inv_2         98
     sky130_fd_sc_hd__mux2_2      1616
     sky130_fd_sc_hd__mux4_2       129
     sky130_fd_sc_hd__nand2_2      144
     sky130_fd_sc_hd__nand3_2        3
     sky130_fd_sc_hd__nand4_2        1
     sky130_fd_sc_hd__nor2_2       188
     sky130_fd_sc_hd__nor3_2         2
     sky130_fd_sc_hd__nor3b_2        1
     sky130_fd_sc_hd__nor4_2         2
     sky130_fd_sc_hd__o2111a_2       1
     sky130_fd_sc_hd__o211a_2      285
     sky130_fd_sc_hd__o211ai_2       5
     sky130_fd_sc_hd__o21a_2        66
     sky130_fd_sc_hd__o21ai_2       43
     sky130_fd_sc_hd__o21ba_2        7
     sky130_fd_sc_hd__o21bai_2       2
     sky130_fd_sc_hd__o221a_2       71
     sky130_fd_sc_hd__o221ai_2       1
     sky130_fd_sc_hd__o22a_2        50
     sky130_fd_sc_hd__o22ai_2        1
     sky130_fd_sc_hd__o2bb2a_2       5
     sky130_fd_sc_hd__o311a_2        1
     sky130_fd_sc_hd__o311ai_2       1
     sky130_fd_sc_hd__o31a_2        15
     sky130_fd_sc_hd__o31ai_2        1
     sky130_fd_sc_hd__o32a_2        37
     sky130_fd_sc_hd__or2_2        267
     sky130_fd_sc_hd__or2b_2         8
     sky130_fd_sc_hd__or3_2         58
     sky130_fd_sc_hd__or3b_2        12
     sky130_fd_sc_hd__or4_2         37
     sky130_fd_sc_hd__or4b_2         2
     sky130_fd_sc_hd__or4bb_2        2
     sky130_fd_sc_hd__xnor2_2       88
     sky130_fd_sc_hd__xor2_2        28

   Chip area for module '\CorePipelinedWithoutMemory': 90032.598400

